# JRE version: OpenJDK Runtime Environment (8.0_76-b03) (build 1.8.0_76-release-b03)
# Java VM: OpenJDK 64-Bit Server VM (25.76-b03 mixed mode windows-amd64 compressed oops)
Heap:
 PSYoungGen      total 306688K, used 207127K [0x00000000eab00000, 0x00000000ffd80000, 0x0000000100000000)
  eden space 268800K, 69% used [0x00000000eab00000,0x00000000f60b9c38,0x00000000fb180000)
  from space 37888K, 55% used [0x00000000fd880000,0x00000000fed0c050,0x00000000ffd80000)
  to   space 38912K, 0% used [0x00000000fb180000,0x00000000fb180000,0x00000000fd780000)
 ParOldGen       total 95744K, used 57782K [0x00000000c0000000, 0x00000000c5d80000, 0x00000000eab00000)
  object space 95744K, 60% used [0x00000000c0000000,0x00000000c386d810,0x00000000c5d80000)
 Metaspace       used 76299K, capacity 79472K, committed 81408K, reserved 1120256K
  class space    used 9876K, capacity 10471K, committed 11008K, reserved 1048576K
GC Heap History (10 events):
Event: 1939.394 GC heap before
{Heap before GC invocations=20 (full 3):
 PSYoungGen      total 301568K, used 301265K [0x00000000eab00000, 0x0000000100000000, 0x0000000100000000)
  eden space 268288K, 99% used [0x00000000eab00000,0x00000000fb0b9eb0,0x00000000fb100000)
  from space 33280K, 99% used [0x00000000fdf80000,0x00000000ffffa638,0x0000000100000000)
  to   space 40448K, 0% used [0x00000000fb100000,0x00000000fb100000,0x00000000fd880000)
 ParOldGen       total 95744K, used 70951K [0x00000000c0000000, 0x00000000c5d80000, 0x00000000eab00000)
  object space 95744K, 74% used [0x00000000c0000000,0x00000000c4549e28,0x00000000c5d80000)
 Metaspace       used 77158K, capacity 80958K, committed 81152K, reserved 1120256K
  class space    used 10120K, capacity 10899K, committed 11008K, reserved 1048576K
Event: 1939.414 GC heap after
Heap after GC invocations=20 (full 3):
 PSYoungGen      total 296448K, used 27831K [0x00000000eab00000, 0x0000000100000000, 0x0000000100000000)
  eden space 268288K, 0% used [0x00000000eab00000,0x00000000eab00000,0x00000000fb100000)
  from space 28160K, 98% used [0x00000000fb100000,0x00000000fcc2de38,0x00000000fcc80000)
  to   space 41472K, 0% used [0x00000000fd780000,0x00000000fd780000,0x0000000100000000)
 ParOldGen       total 95744K, used 79341K [0x00000000c0000000, 0x00000000c5d80000, 0x00000000eab00000)
  object space 95744K, 82% used [0x00000000c0000000,0x00000000c4d7b6e0,0x00000000c5d80000)
 Metaspace       used 77158K, capacity 80958K, committed 81152K, reserved 1120256K
  class space    used 10120K, capacity 10899K, committed 11008K, reserved 1048576K
}
Event: 1939.449 GC heap before
{Heap before GC invocations=21 (full 3):
 PSYoungGen      total 296448K, used 296063K [0x00000000eab00000, 0x0000000100000000, 0x0000000100000000)
  eden space 268288K, 99% used [0x00000000eab00000,0x00000000fb0f21a8,0x00000000fb100000)
  from space 28160K, 98% used [0x00000000fb100000,0x00000000fcc2de38,0x00000000fcc80000)
  to   space 41472K, 0% used [0x00000000fd780000,0x00000000fd780000,0x0000000100000000)
 ParOldGen       total 95744K, used 79341K [0x00000000c0000000, 0x00000000c5d80000, 0x00000000eab00000)
  object space 95744K, 82% used [0x00000000c0000000,0x00000000c4d7b6e0,0x00000000c5d80000)
 Metaspace       used 77162K, capacity 81022K, committed 81152K, reserved 1120256K
  class space    used 10120K, capacity 10899K, committed 11008K, reserved 1048576K
Event: 1939.461 GC heap after
Heap after GC invocations=21 (full 3):
 PSYoungGen      total 309248K, used 20962K [0x00000000eab00000, 0x0000000100000000, 0x0000000100000000)
  eden space 267776K, 0% used [0x00000000eab00000,0x00000000eab00000,0x00000000fb080000)
  from space 41472K, 50% used [0x00000000fd780000,0x00000000febf89a8,0x0000000100000000)
  to   space 39936K, 0% used [0x00000000fb080000,0x00000000fb080000,0x00000000fd780000)
 ParOldGen       total 95744K, used 79349K [0x00000000c0000000, 0x00000000c5d80000, 0x00000000eab00000)
  object space 95744K, 82% used [0x00000000c0000000,0x00000000c4d7d6e0,0x00000000c5d80000)
 Metaspace       used 77162K, capacity 81022K, committed 81152K, reserved 1120256K
  class space    used 10120K, capacity 10899K, committed 11008K, reserved 1048576K
}
Event: 1939.628 GC heap before
{Heap before GC invocations=22 (full 3):
 PSYoungGen      total 309248K, used 60078K [0x00000000eab00000, 0x0000000100000000, 0x0000000100000000)
  eden space 267776K, 14% used [0x00000000eab00000,0x00000000ed132f30,0x00000000fb080000)
  from space 41472K, 50% used [0x00000000fd780000,0x00000000febf89a8,0x0000000100000000)
  to   space 39936K, 0% used [0x00000000fb080000,0x00000000fb080000,0x00000000fd780000)
 ParOldGen       total 95744K, used 79349K [0x00000000c0000000, 0x00000000c5d80000, 0x00000000eab00000)
  object space 95744K, 82% used [0x00000000c0000000,0x00000000c4d7d6e0,0x00000000c5d80000)
 Metaspace       used 77202K, capacity 81110K, committed 81408K, reserved 1120256K
  class space    used 10122K, capacity 10903K, committed 11008K, reserved 1048576K
Event: 1939.634 GC heap after
Heap after GC invocations=22 (full 3):
 PSYoungGen      total 307712K, used 6237K [0x00000000eab00000, 0x0000000100000000, 0x0000000100000000)
  eden space 267776K, 0% used [0x00000000eab00000,0x00000000eab00000,0x00000000fb080000)
  from space 39936K, 15% used [0x00000000fb080000,0x00000000fb697538,0x00000000fd780000)
  to   space 40448K, 0% used [0x00000000fd880000,0x00000000fd880000,0x0000000100000000)
 ParOldGen       total 95744K, used 81654K [0x00000000c0000000, 0x00000000c5d80000, 0x00000000eab00000)
  object space 95744K, 85% used [0x00000000c0000000,0x00000000c4fbd858,0x00000000c5d80000)
 Metaspace       used 77202K, capacity 81110K, committed 81408K, reserved 1120256K
  class space    used 10122K, capacity 10903K, committed 11008K, reserved 1048576K
}
Event: 1939.635 GC heap before
{Heap before GC invocations=23 (full 4):
 PSYoungGen      total 307712K, used 6237K [0x00000000eab00000, 0x0000000100000000, 0x0000000100000000)
  eden space 267776K, 0% used [0x00000000eab00000,0x00000000eab00000,0x00000000fb080000)
  from space 39936K, 15% used [0x00000000fb080000,0x00000000fb697538,0x00000000fd780000)
  to   space 40448K, 0% used [0x00000000fd880000,0x00000000fd880000,0x0000000100000000)
 ParOldGen       total 95744K, used 81654K [0x00000000c0000000, 0x00000000c5d80000, 0x00000000eab00000)
  object space 95744K, 85% used [0x00000000c0000000,0x00000000c4fbd858,0x00000000c5d80000)
 Metaspace       used 77202K, capacity 81110K, committed 81408K, reserved 1120256K
  class space    used 10122K, capacity 10903K, committed 11008K, reserved 1048576K
Event: 1939.893 GC heap after
Heap after GC invocations=23 (full 4):
 PSYoungGen      total 307712K, used 0K [0x00000000eab00000, 0x0000000100000000, 0x0000000100000000)
  eden space 267776K, 0% used [0x00000000eab00000,0x00000000eab00000,0x00000000fb080000)
  from space 39936K, 0% used [0x00000000fb080000,0x00000000fb080000,0x00000000fd780000)
  to   space 40448K, 0% used [0x00000000fd880000,0x00000000fd880000,0x0000000100000000)
 ParOldGen       total 95744K, used 57782K [0x00000000c0000000, 0x00000000c5d80000, 0x00000000eab00000)
  object space 95744K, 60% used [0x00000000c0000000,0x00000000c386d810,0x00000000c5d80000)
 Metaspace       used 75734K, capacity 78734K, committed 81408K, reserved 1120256K
  class space    used 9825K, capacity 10397K, committed 11008K, reserved 1048576K
}
Event: 2857.380 GC heap before
{Heap before GC invocations=24 (full 4):
 PSYoungGen      total 307712K, used 267776K [0x00000000eab00000, 0x0000000100000000, 0x0000000100000000)
  eden space 267776K, 100% used [0x00000000eab00000,0x00000000fb080000,0x00000000fb080000)
  from space 39936K, 0% used [0x00000000fb080000,0x00000000fb080000,0x00000000fd780000)
  to   space 40448K, 0% used [0x00000000fd880000,0x00000000fd880000,0x0000000100000000)
 ParOldGen       total 95744K, used 57782K [0x00000000c0000000, 0x00000000c5d80000, 0x00000000eab00000)
  object space 95744K, 60% used [0x00000000c0000000,0x00000000c386d810,0x00000000c5d80000)
 Metaspace       used 76156K, capacity 79374K, committed 81408K, reserved 1120256K
  class space    used 9868K, capacity 10466K, committed 11008K, reserved 1048576K
Event: 2857.426 GC heap after
Heap after GC invocations=24 (full 4):
 PSYoungGen      total 306688K, used 21040K [0x00000000eab00000, 0x00000000ffd80000, 0x0000000100000000)
  eden space 268800K, 0% used [0x00000000eab00000,0x00000000eab00000,0x00000000fb180000)
  from space 37888K, 55% used [0x00000000fd880000,0x00000000fed0c050,0x00000000ffd80000)
  to   space 38912K, 0% used [0x00000000fb180000,0x00000000fb180000,0x00000000fd780000)
 ParOldGen       total 95744K, used 57782K [0x00000000c0000000, 0x00000000c5d80000, 0x00000000eab00000)
  object space 95744K, 60% used [0x00000000c0000000,0x00000000c386d810,0x00000000c5d80000)
 Metaspace       used 76156K, capacity 79374K, committed 81408K, reserved 1120256K
  class space    used 9868K, capacity 10466K, committed 11008K, reserved 1048576K
}

