# JRE version: OpenJDK Runtime Environment (8.0_76-b03) (build 1.8.0_76-release-b03)
# Java VM: OpenJDK 64-Bit Server VM (25.76-b03 mixed mode windows-amd64 compressed oops)
Heap:
 PSYoungGen      total 321024K, used 226000K [0x00000000eab00000, 0x0000000100000000, 0x0000000100000000)
  eden space 294912K, 70% used [0x00000000eab00000,0x00000000f7562310,0x00000000fcb00000)
  from space 26112K, 71% used [0x00000000fe680000,0x00000000ff8d2068,0x0000000100000000)
  to   space 27136K, 0% used [0x00000000fcb00000,0x00000000fcb00000,0x00000000fe580000)
 ParOldGen       total 79872K, used 46869K [0x00000000c0000000, 0x00000000c4e00000, 0x00000000eab00000)
  object space 79872K, 58% used [0x00000000c0000000,0x00000000c2dc5440,0x00000000c4e00000)
 Metaspace       used 66089K, capacity 68960K, committed 69120K, reserved 1107968K
  class space    used 8915K, capacity 9608K, committed 9728K, reserved 1048576K
GC Heap History (10 events):
Event: 38.596 GC heap before
{Heap before GC invocations=9 (full 2):
 PSYoungGen      total 193024K, used 180736K [0x00000000eab00000, 0x00000000f9f00000, 0x0000000100000000)
  eden space 180736K, 100% used [0x00000000eab00000,0x00000000f5b80000,0x00000000f5b80000)
  from space 12288K, 0% used [0x00000000f6800000,0x00000000f6800000,0x00000000f7400000)
  to   space 12800K, 0% used [0x00000000f5b80000,0x00000000f5b80000,0x00000000f6800000)
 ParOldGen       total 79872K, used 17178K [0x00000000c0000000, 0x00000000c4e00000, 0x00000000eab00000)
  object space 79872K, 21% used [0x00000000c0000000,0x00000000c10c6aa8,0x00000000c4e00000)
 Metaspace       used 43341K, capacity 44402K, committed 44544K, reserved 1087488K
  class space    used 5779K, capacity 6063K, committed 6144K, reserved 1048576K
Event: 38.625 GC heap after
Heap after GC invocations=9 (full 2):
 PSYoungGen      total 193536K, used 12796K [0x00000000eab00000, 0x00000000fe800000, 0x0000000100000000)
  eden space 180736K, 0% used [0x00000000eab00000,0x00000000eab00000,0x00000000f5b80000)
  from space 12800K, 99% used [0x00000000f5b80000,0x00000000f67ff0a8,0x00000000f6800000)
  to   space 15360K, 0% used [0x00000000fd900000,0x00000000fd900000,0x00000000fe800000)
 ParOldGen       total 79872K, used 18890K [0x00000000c0000000, 0x00000000c4e00000, 0x00000000eab00000)
  object space 79872K, 23% used [0x00000000c0000000,0x00000000c12728a8,0x00000000c4e00000)
 Metaspace       used 43341K, capacity 44402K, committed 44544K, reserved 1087488K
  class space    used 5779K, capacity 6063K, committed 6144K, reserved 1048576K
}
Event: 47.892 GC heap before
{Heap before GC invocations=10 (full 2):
 PSYoungGen      total 193536K, used 193532K [0x00000000eab00000, 0x00000000fe800000, 0x0000000100000000)
  eden space 180736K, 100% used [0x00000000eab00000,0x00000000f5b80000,0x00000000f5b80000)
  from space 12800K, 99% used [0x00000000f5b80000,0x00000000f67ff0a8,0x00000000f6800000)
  to   space 15360K, 0% used [0x00000000fd900000,0x00000000fd900000,0x00000000fe800000)
 ParOldGen       total 79872K, used 18890K [0x00000000c0000000, 0x00000000c4e00000, 0x00000000eab00000)
  object space 79872K, 23% used [0x00000000c0000000,0x00000000c12728a8,0x00000000c4e00000)
 Metaspace       used 49867K, capacity 51272K, committed 51328K, reserved 1093632K
  class space    used 6710K, capacity 7038K, committed 7040K, reserved 1048576K
Event: 48.185 GC heap after
Heap after GC invocations=10 (full 2):
 PSYoungGen      total 304128K, used 15359K [0x00000000eab00000, 0x00000000ffc00000, 0x0000000100000000)
  eden space 288768K, 0% used [0x00000000eab00000,0x00000000eab00000,0x00000000fc500000)
  from space 15360K, 99% used [0x00000000fd900000,0x00000000fe7ffff0,0x00000000fe800000)
  to   space 20480K, 0% used [0x00000000fc500000,0x00000000fc500000,0x00000000fd900000)
 ParOldGen       total 79872K, used 26495K [0x00000000c0000000, 0x00000000c4e00000, 0x00000000eab00000)
  object space 79872K, 33% used [0x00000000c0000000,0x00000000c19dfcc8,0x00000000c4e00000)
 Metaspace       used 49867K, capacity 51272K, committed 51328K, reserved 1093632K
  class space    used 6710K, capacity 7038K, committed 7040K, reserved 1048576K
}
Event: 51.758 GC heap before
{Heap before GC invocations=11 (full 2):
 PSYoungGen      total 304128K, used 128579K [0x00000000eab00000, 0x00000000ffc00000, 0x0000000100000000)
  eden space 288768K, 39% used [0x00000000eab00000,0x00000000f1990c80,0x00000000fc500000)
  from space 15360K, 99% used [0x00000000fd900000,0x00000000fe7ffff0,0x00000000fe800000)
  to   space 20480K, 0% used [0x00000000fc500000,0x00000000fc500000,0x00000000fd900000)
 ParOldGen       total 79872K, used 26495K [0x00000000c0000000, 0x00000000c4e00000, 0x00000000eab00000)
  object space 79872K, 33% used [0x00000000c0000000,0x00000000c19dfcc8,0x00000000c4e00000)
 Metaspace       used 52365K, capacity 54514K, committed 54656K, reserved 1095680K
  class space    used 7155K, capacity 7734K, committed 7808K, reserved 1048576K
Event: 51.861 GC heap after
Heap after GC invocations=11 (full 2):
 PSYoungGen      total 309248K, used 20448K [0x00000000eab00000, 0x0000000100000000, 0x0000000100000000)
  eden space 288768K, 0% used [0x00000000eab00000,0x00000000eab00000,0x00000000fc500000)
  from space 20480K, 99% used [0x00000000fc500000,0x00000000fd8f81e8,0x00000000fd900000)
  to   space 26112K, 0% used [0x00000000fe680000,0x00000000fe680000,0x0000000100000000)
 ParOldGen       total 79872K, used 32607K [0x00000000c0000000, 0x00000000c4e00000, 0x00000000eab00000)
  object space 79872K, 40% used [0x00000000c0000000,0x00000000c1fd7fc0,0x00000000c4e00000)
 Metaspace       used 52365K, capacity 54514K, committed 54656K, reserved 1095680K
  class space    used 7155K, capacity 7734K, committed 7808K, reserved 1048576K
}
Event: 51.862 GC heap before
{Heap before GC invocations=12 (full 3):
 PSYoungGen      total 309248K, used 20448K [0x00000000eab00000, 0x0000000100000000, 0x0000000100000000)
  eden space 288768K, 0% used [0x00000000eab00000,0x00000000eab00000,0x00000000fc500000)
  from space 20480K, 99% used [0x00000000fc500000,0x00000000fd8f81e8,0x00000000fd900000)
  to   space 26112K, 0% used [0x00000000fe680000,0x00000000fe680000,0x0000000100000000)
 ParOldGen       total 79872K, used 32607K [0x00000000c0000000, 0x00000000c4e00000, 0x00000000eab00000)
  object space 79872K, 40% used [0x00000000c0000000,0x00000000c1fd7fc0,0x00000000c4e00000)
 Metaspace       used 52365K, capacity 54514K, committed 54656K, reserved 1095680K
  class space    used 7155K, capacity 7734K, committed 7808K, reserved 1048576K
Event: 52.352 GC heap after
Heap after GC invocations=12 (full 3):
 PSYoungGen      total 309248K, used 0K [0x00000000eab00000, 0x0000000100000000, 0x0000000100000000)
  eden space 288768K, 0% used [0x00000000eab00000,0x00000000eab00000,0x00000000fc500000)
  from space 20480K, 0% used [0x00000000fc500000,0x00000000fc500000,0x00000000fd900000)
  to   space 26112K, 0% used [0x00000000fe680000,0x00000000fe680000,0x0000000100000000)
 ParOldGen       total 79872K, used 46861K [0x00000000c0000000, 0x00000000c4e00000, 0x00000000eab00000)
  object space 79872K, 58% used [0x00000000c0000000,0x00000000c2dc3440,0x00000000c4e00000)
 Metaspace       used 52365K, capacity 54514K, committed 54656K, reserved 1095680K
  class space    used 7155K, capacity 7734K, committed 7808K, reserved 1048576K
}
Event: 63.973 GC heap before
{Heap before GC invocations=13 (full 3):
 PSYoungGen      total 309248K, used 288768K [0x00000000eab00000, 0x0000000100000000, 0x0000000100000000)
  eden space 288768K, 100% used [0x00000000eab00000,0x00000000fc500000,0x00000000fc500000)
  from space 20480K, 0% used [0x00000000fc500000,0x00000000fc500000,0x00000000fd900000)
  to   space 26112K, 0% used [0x00000000fe680000,0x00000000fe680000,0x0000000100000000)
 ParOldGen       total 79872K, used 46861K [0x00000000c0000000, 0x00000000c4e00000, 0x00000000eab00000)
  object space 79872K, 58% used [0x00000000c0000000,0x00000000c2dc3440,0x00000000c4e00000)
 Metaspace       used 59436K, capacity 61880K, committed 62080K, reserved 1101824K
  class space    used 8095K, capacity 8734K, committed 8832K, reserved 1048576K
Event: 64.193 GC heap after
Heap after GC invocations=13 (full 3):
 PSYoungGen      total 321024K, used 18760K [0x00000000eab00000, 0x0000000100000000, 0x0000000100000000)
  eden space 294912K, 0% used [0x00000000eab00000,0x00000000eab00000,0x00000000fcb00000)
  from space 26112K, 71% used [0x00000000fe680000,0x00000000ff8d2068,0x0000000100000000)
  to   space 27136K, 0% used [0x00000000fcb00000,0x00000000fcb00000,0x00000000fe580000)
 ParOldGen       total 79872K, used 46869K [0x00000000c0000000, 0x00000000c4e00000, 0x00000000eab00000)
  object space 79872K, 58% used [0x00000000c0000000,0x00000000c2dc5440,0x00000000c4e00000)
 Metaspace       used 59436K, capacity 61880K, committed 62080K, reserved 1101824K
  class space    used 8095K, capacity 8734K, committed 8832K, reserved 1048576K
}

